<?xml version="1.0" encoding="UTF-8"?>
<!-- Generated by org.testng.reporters.JUnitReportReporter -->
<testsuite skipped="0" hostname="DESKTOP-PHQB903" name="testrunner.AtlanticApplication" tests="1" failures="0" timestamp="2021-11-09T08:13:48 IST" time="150.619" errors="0">
  <testcase name="feature" time="150.619" classname="testrunner.AtlanticApplication"/>
  <system-out/>
</testsuite> <!-- testrunner.AtlanticApplication -->
