<?xml version="1.0" encoding="UTF-8"?>
<!-- Generated by org.testng.reporters.JUnitReportReporter -->
<testsuite skipped="0" hostname="DESKTOP-PHQB903" name="mainpackage.HomePage" tests="1" failures="0" timestamp="2021-10-20T11:47:43 IST" time="13.396" errors="0">
  <testcase name="home" time="13.396" classname="mainpackage.HomePage"/>
  <system-out/>
</testsuite> <!-- mainpackage.HomePage -->
