<?xml version="1.0" encoding="UTF-8"?>
<!-- Generated by org.testng.reporters.JUnitReportReporter -->
<testsuite skipped="0" hostname="DESKTOP-PHQB903" name="com.mindtree.runner.Atlantic" tests="1" failures="0" timestamp="2021-10-20T17:39:52 IST" time="37.408" errors="0">
  <testcase name="home" time="37.408" classname="com.mindtree.runner.Atlantic"/>
  <system-out/>
</testsuite> <!-- com.mindtree.runner.Atlantic -->
