<?xml version="1.0" encoding="UTF-8"?>
<!-- Generated by org.testng.reporters.JUnitReportReporter -->
<testsuite skipped="0" hostname="DESKTOP-PHQB903" name="mainpackage.base2" tests="1" failures="0" timestamp="19 Oct 2021 17:20:52 GMT" time="0.020" errors="0">
  <testcase name="runs" time="0.020" classname="mainpackage.base2"/>
</testsuite> <!-- mainpackage.base2 -->
