<?xml version="1.0" encoding="UTF-8"?>
<!-- Generated by org.testng.reporters.JUnitReportReporter -->
<testsuite skipped="0" hostname="DESKTOP-PHQB903" name="com.mindtree.runner.AtlanticTestCase2" tests="2" failures="0" timestamp="2021-10-23T00:34:59 IST" time="33.502" errors="0">
  <testcase name="homepage" time="14.916" classname="com.mindtree.runner.AtlanticTestCase2"/>
  <system-out/>
  <testcase name="homepage" time="18.586" classname="com.mindtree.runner.AtlanticTestCase2"/>
  <system-out/>
</testsuite> <!-- com.mindtree.runner.AtlanticTestCase2 -->
