<?xml version="1.0" encoding="UTF-8"?>
<!-- Generated by org.testng.reporters.JUnitReportReporter -->
<testsuite skipped="0" hostname="DESKTOP-PHQB903" name="com.mindtree.runner.HomePage" tests="1" failures="0" timestamp="2021-10-20T12:18:19 IST" time="12.361" errors="0">
  <testcase name="home" time="12.361" classname="com.mindtree.runner.HomePage"/>
  <system-out/>
</testsuite> <!-- com.mindtree.runner.HomePage -->
